2022-02-08 15:47:28,338 INFO  [Log] Application Opened 
2022-02-08 15:47:52,273 INFO  [Log] Login Completed 
2022-02-08 15:52:30,324 INFO  [Log] Application Opened 
2022-02-08 15:52:34,874 INFO  [Log] Login Completed 
2022-02-08 15:52:34,983 INFO  [Log] logout compleated 
2022-02-08 15:52:35,101 INFO  [Log] Application closed 
2022-02-08 15:53:44,856 INFO  [Log] Application Opened 
2022-02-08 15:53:49,308 INFO  [Log] Login Completed 
2022-02-08 15:53:49,416 INFO  [Log] logout compleated 
2022-02-08 15:53:49,548 INFO  [Log] Application closed 
2022-02-08 15:55:04,273 INFO  [Log] Application Opened 
2022-02-08 15:55:18,302 INFO  [Log] Login Completed 
2022-02-08 15:55:18,302 INFO  [Log] Delete emp 
2022-02-08 15:55:18,399 INFO  [Log] logout compleated 
2022-02-08 15:55:18,526 INFO  [Log] Application closed 
2022-02-08 15:55:41,808 INFO  [Log] Application Opened 
2022-02-08 15:55:44,256 INFO  [Log] Login Completed 
2022-02-08 15:55:44,350 INFO  [Log] logout compleated 
2022-02-08 15:55:44,481 INFO  [Log] Application closed 
2022-02-08 15:55:50,327 INFO  [Log] Application Opened 
2022-02-08 15:55:53,062 INFO  [Log] Login Completed 
2022-02-08 15:55:53,127 INFO  [Log] entered into frame 
2022-02-08 15:56:00,609 INFO  [Log] New emp added 
2022-02-08 15:56:00,616 INFO  [Log] Exit from frame 
2022-02-08 15:56:00,706 INFO  [Log] logout compleated 
2022-02-08 15:56:00,787 INFO  [Log] Application closed 
2022-02-08 15:56:06,587 INFO  [Log] Application Opened 
2022-02-08 15:56:08,736 INFO  [Log] Login Completed 
2022-02-08 15:56:08,808 INFO  [Log] entered into frame 
2022-02-08 15:56:27,076 INFO  [Log] Edit emp compleated 
2022-02-08 15:56:27,082 INFO  [Log] Exit from frame 
2022-02-08 15:56:27,182 INFO  [Log] logout compleated 
2022-02-08 15:56:29,255 INFO  [Log] Application closed 
2022-02-08 15:56:34,299 INFO  [Log] Application Opened 
2022-02-08 15:56:37,210 INFO  [Log] Login Completed 
2022-02-08 15:56:37,210 INFO  [Log] Delete emp 
2022-02-08 15:56:37,296 INFO  [Log] logout compleated 
2022-02-08 15:56:37,405 INFO  [Log] Application closed 
2022-02-08 15:58:22,066 INFO  [Log] Application Opened 
2022-02-08 15:58:24,527 INFO  [Log] Login Completed 
2022-02-08 15:58:24,638 INFO  [Log] logout compleated 
2022-02-08 15:58:24,733 INFO  [Log] Application closed 
2022-02-08 15:58:30,531 INFO  [Log] Application Opened 
2022-02-08 15:58:32,559 INFO  [Log] Login Completed 
2022-02-08 15:58:32,642 INFO  [Log] entered into frame 
2022-02-08 15:58:37,726 INFO  [Log] New emp added 
2022-02-08 15:58:37,735 INFO  [Log] Exit from frame 
2022-02-08 15:58:37,825 INFO  [Log] logout compleated 
2022-02-08 15:58:37,979 INFO  [Log] Application closed 
2022-02-08 15:58:44,180 INFO  [Log] Application Opened 
2022-02-08 15:58:46,753 INFO  [Log] Login Completed 
2022-02-08 15:58:46,822 INFO  [Log] entered into frame 
2022-02-08 15:58:53,287 INFO  [Log] Edit emp compleated 
2022-02-08 15:58:53,302 INFO  [Log] Exit from frame 
2022-02-08 15:58:53,391 INFO  [Log] logout compleated 
2022-02-08 15:58:53,489 INFO  [Log] Application closed 
2022-02-08 15:58:58,775 INFO  [Log] Application Opened 
2022-02-08 15:59:01,347 INFO  [Log] Login Completed 
2022-02-08 15:59:01,348 INFO  [Log] Delete emp 
2022-02-08 15:59:01,447 INFO  [Log] logout compleated 
2022-02-08 15:59:01,585 INFO  [Log] Application closed 
2022-02-08 16:01:20,120 INFO  [Log] Application Opened 
2022-02-08 16:01:25,434 INFO  [Log] Login Completed 
2022-02-08 16:01:25,541 INFO  [Log] logout compleated 
2022-02-08 16:01:25,642 INFO  [Log] Application closed 
2022-02-08 16:06:50,173 INFO  [Log] Application Opened 
2022-02-08 16:06:52,414 INFO  [Log] Login Completed 
2022-02-08 16:06:52,501 INFO  [Log] logout compleated 
2022-02-08 16:06:52,660 INFO  [Log] Application closed 
2022-02-08 16:06:57,198 INFO  [Log] Application Opened 
2022-02-08 16:06:59,026 INFO  [Log] Login Completed 
2022-02-08 16:06:59,088 INFO  [Log] entered into frame 
2022-02-08 16:07:04,830 INFO  [Log] New emp added 
2022-02-08 16:07:04,835 INFO  [Log] Exit from frame 
2022-02-08 16:07:04,922 INFO  [Log] logout compleated 
2022-02-08 16:07:04,990 INFO  [Log] Application closed 
2022-02-08 16:07:09,596 INFO  [Log] Application Opened 
2022-02-08 16:07:11,428 INFO  [Log] Login Completed 
2022-02-08 16:07:11,493 INFO  [Log] entered into frame 
2022-02-08 16:07:19,168 INFO  [Log] Edit emp compleated 
2022-02-08 16:07:19,176 INFO  [Log] Exit from frame 
2022-02-08 16:07:19,269 INFO  [Log] logout compleated 
2022-02-08 16:07:19,381 INFO  [Log] Application closed 
2022-02-08 16:07:24,199 INFO  [Log] Application Opened 
2022-02-08 16:07:26,806 INFO  [Log] Login Completed 
2022-02-08 16:07:26,807 INFO  [Log] Delete emp 
2022-02-08 16:07:26,917 INFO  [Log] logout compleated 
2022-02-08 16:07:27,017 INFO  [Log] Application closed 
2022-02-08 16:10:16,324 INFO  [Log] Application Opened 
2022-02-08 16:10:18,272 INFO  [Log] Login Completed 
2022-02-08 16:10:18,362 INFO  [Log] logout compleated 
2022-02-08 16:10:18,526 INFO  [Log] Application closed 
2022-02-08 16:15:49,067 INFO  [Log] Application Opened 
2022-02-08 16:15:51,932 INFO  [Log] Login Completed 
2022-02-08 16:15:51,932 INFO  [Log] Delete emp 
2022-02-08 16:15:52,030 INFO  [Log] logout compleated 
2022-02-08 16:15:52,154 INFO  [Log] Application closed 
